[0.201s] DEBUG:colcon:Command line arguments: ['/usr/bin/colcon', 'build']
[0.201s] DEBUG:colcon:Parsed command line arguments: Namespace(log_base=None, log_level=None, verb_name='build', build_base='build', install_base='install', merge_install=False, symlink_install=False, test_result_base=None, continue_on_error=False, executor='parallel', parallel_workers=8, event_handlers=None, ignore_user_meta=False, metas=['./colcon.meta'], base_paths=['.'], packages_ignore=None, packages_ignore_regex=None, paths=None, packages_up_to=None, packages_up_to_regex=None, packages_above=None, packages_above_and_dependencies=None, packages_above_depth=None, packages_select_by_dep=None, packages_skip_by_dep=None, packages_skip_up_to=None, packages_select_build_failed=False, packages_skip_build_finished=False, packages_select_test_failures=False, packages_skip_test_passed=False, packages_select=None, packages_skip=None, packages_select_regex=None, packages_skip_regex=None, packages_start=None, packages_end=None, allow_overriding=[], cmake_args=None, cmake_target=None, cmake_target_skip_unavailable=False, cmake_clean_cache=False, cmake_clean_first=False, cmake_force_configure=False, ament_cmake_args=None, catkin_cmake_args=None, catkin_skip_building_tests=False, mixin_files=None, mixin=None, verb_parser=<colcon_mixin.mixin.mixin_argument.MixinArgumentDecorator object at 0x7fc35d25c2e0>, verb_extension=<colcon_core.verb.build.BuildVerb object at 0x7fc35d223c10>, main=<bound method BuildVerb.main of <colcon_core.verb.build.BuildVerb object at 0x7fc35d223c10>>, mixin_verb=('build',))
[0.391s] Level 1:colcon.colcon_core.package_discovery:discover_packages(colcon_meta) check parameters
[0.391s] Level 1:colcon.colcon_core.package_discovery:discover_packages(recursive) check parameters
[0.391s] Level 1:colcon.colcon_core.package_discovery:discover_packages(ignore) check parameters
[0.391s] Level 1:colcon.colcon_core.package_discovery:discover_packages(path) check parameters
[0.391s] Level 1:colcon.colcon_core.package_discovery:discover_packages(colcon_meta) discover
[0.391s] Level 1:colcon.colcon_core.package_discovery:discover_packages(recursive) discover
[0.391s] INFO:colcon.colcon_core.package_discovery:Crawling recursively for packages in '/home/ajr/ros2_ws/src/gyo_xj0_autonom_NB'
[0.391s] Level 1:colcon.colcon_core.package_identification:_identify(.) by extensions ['ignore', 'ignore_ament_install']
[0.391s] Level 1:colcon.colcon_core.package_identification:_identify(.) by extension 'ignore'
[0.392s] Level 1:colcon.colcon_core.package_identification:_identify(.) by extension 'ignore_ament_install'
[0.392s] Level 1:colcon.colcon_core.package_identification:_identify(.) by extensions ['colcon_pkg']
[0.392s] Level 1:colcon.colcon_core.package_identification:_identify(.) by extension 'colcon_pkg'
[0.392s] Level 1:colcon.colcon_core.package_identification:_identify(.) by extensions ['colcon_meta']
[0.392s] Level 1:colcon.colcon_core.package_identification:_identify(.) by extension 'colcon_meta'
[0.392s] Level 1:colcon.colcon_core.package_identification:_identify(.) by extensions ['ros']
[0.392s] Level 1:colcon.colcon_core.package_identification:_identify(.) by extension 'ros'
[0.405s] DEBUG:colcon.colcon_core.package_identification:Package '.' with type 'ros.ament_python' and name 'gyo_xj0_autonom'
[0.406s] Level 1:colcon.colcon_core.package_discovery:discover_packages(recursive) using defaults
[0.406s] Level 1:colcon.colcon_core.package_discovery:discover_packages(ignore) discover
[0.406s] Level 1:colcon.colcon_core.package_discovery:discover_packages(ignore) using defaults
[0.406s] Level 1:colcon.colcon_core.package_discovery:discover_packages(path) discover
[0.406s] Level 1:colcon.colcon_core.package_discovery:discover_packages(path) using defaults
[0.426s] Level 1:colcon.colcon_core.package_discovery:discover_packages(prefix_path) check parameters
[0.426s] Level 1:colcon.colcon_core.package_discovery:discover_packages(prefix_path) discover
[0.428s] DEBUG:colcon.colcon_installed_package_information.package_discovery:Found 288 installed packages in /opt/ros/humble
[0.430s] Level 1:colcon.colcon_core.package_discovery:discover_packages(prefix_path) using defaults
[0.480s] Level 5:colcon.colcon_core.verb:set package 'gyo_xj0_autonom' build argument 'cmake_args' from command line to 'None'
[0.480s] Level 5:colcon.colcon_core.verb:set package 'gyo_xj0_autonom' build argument 'cmake_target' from command line to 'None'
[0.480s] Level 5:colcon.colcon_core.verb:set package 'gyo_xj0_autonom' build argument 'cmake_target_skip_unavailable' from command line to 'False'
[0.480s] Level 5:colcon.colcon_core.verb:set package 'gyo_xj0_autonom' build argument 'cmake_clean_cache' from command line to 'False'
[0.480s] Level 5:colcon.colcon_core.verb:set package 'gyo_xj0_autonom' build argument 'cmake_clean_first' from command line to 'False'
[0.480s] Level 5:colcon.colcon_core.verb:set package 'gyo_xj0_autonom' build argument 'cmake_force_configure' from command line to 'False'
[0.480s] Level 5:colcon.colcon_core.verb:set package 'gyo_xj0_autonom' build argument 'ament_cmake_args' from command line to 'None'
[0.480s] Level 5:colcon.colcon_core.verb:set package 'gyo_xj0_autonom' build argument 'catkin_cmake_args' from command line to 'None'
[0.480s] Level 5:colcon.colcon_core.verb:set package 'gyo_xj0_autonom' build argument 'catkin_skip_building_tests' from command line to 'False'
[0.480s] DEBUG:colcon.colcon_core.verb:Building package 'gyo_xj0_autonom' with the following arguments: {'ament_cmake_args': None, 'build_base': '/home/ajr/ros2_ws/src/gyo_xj0_autonom_NB/build/gyo_xj0_autonom', 'catkin_cmake_args': None, 'catkin_skip_building_tests': False, 'cmake_args': None, 'cmake_clean_cache': False, 'cmake_clean_first': False, 'cmake_force_configure': False, 'cmake_target': None, 'cmake_target_skip_unavailable': False, 'install_base': '/home/ajr/ros2_ws/src/gyo_xj0_autonom_NB/install/gyo_xj0_autonom', 'merge_install': False, 'path': '/home/ajr/ros2_ws/src/gyo_xj0_autonom_NB', 'symlink_install': False, 'test_result_base': None}
[0.480s] INFO:colcon.colcon_core.executor:Executing jobs using 'parallel' executor
[0.482s] DEBUG:colcon.colcon_parallel_executor.executor.parallel:run_until_complete
[0.482s] INFO:colcon.colcon_ros.task.ament_python.build:Building ROS package in '/home/ajr/ros2_ws/src/gyo_xj0_autonom_NB' with build type 'ament_python'
[0.482s] Level 1:colcon.colcon_core.shell:create_environment_hook('gyo_xj0_autonom', 'ament_prefix_path')
[0.484s] INFO:colcon.colcon_core.plugin_system:Skipping extension 'colcon_core.shell.bat': Not used on non-Windows systems
[0.484s] INFO:colcon.colcon_core.shell:Creating environment hook '/home/ajr/ros2_ws/src/gyo_xj0_autonom_NB/install/gyo_xj0_autonom/share/gyo_xj0_autonom/hook/ament_prefix_path.ps1'
[0.495s] INFO:colcon.colcon_core.shell:Creating environment descriptor '/home/ajr/ros2_ws/src/gyo_xj0_autonom_NB/install/gyo_xj0_autonom/share/gyo_xj0_autonom/hook/ament_prefix_path.dsv'
[0.496s] INFO:colcon.colcon_core.shell:Creating environment hook '/home/ajr/ros2_ws/src/gyo_xj0_autonom_NB/install/gyo_xj0_autonom/share/gyo_xj0_autonom/hook/ament_prefix_path.sh'
[0.498s] INFO:colcon.colcon_core.shell:Skip shell extension 'powershell' for command environment: Not usable outside of PowerShell
[0.498s] DEBUG:colcon.colcon_core.shell:Skip shell extension 'dsv' for command environment
[0.818s] WARNING:colcon.colcon_ros.task.ament_python.build:Package 'gyo_xj0_autonom' doesn't explicitly install a marker in the package index (colcon-ros currently does it implicitly but that fallback will be removed in the future)
[0.820s] WARNING:colcon.colcon_ros.task.ament_python.build:Package 'gyo_xj0_autonom' doesn't explicitly install the 'package.xml' file (colcon-ros currently does it implicitly but that fallback will be removed in the future)
[0.822s] INFO:colcon.colcon_core.task.python.build:Building Python package in '/home/ajr/ros2_ws/src/gyo_xj0_autonom_NB'
[0.822s] INFO:colcon.colcon_core.shell:Skip shell extension 'powershell' for command environment: Not usable outside of PowerShell
[0.822s] DEBUG:colcon.colcon_core.shell:Skip shell extension 'dsv' for command environment
[1.238s] DEBUG:colcon.colcon_core.event_handler.log_command:Invoking command in '/home/ajr/ros2_ws/src/gyo_xj0_autonom_NB': PYTHONPATH=/home/ajr/ros2_ws/src/gyo_xj0_autonom_NB/build/gyo_xj0_autonom/prefix_override:/usr/lib/python3/dist-packages/colcon_core/task/python/colcon_distutils_commands:/home/ajr/ros2_ws/src/gyo_xj0_autonom_NB/install/gyo_xj0_autonom/lib/python3.10/site-packages:${PYTHONPATH} /usr/bin/python3 -W ignore:setup.py install is deprecated setup.py egg_info --egg-base build/gyo_xj0_autonom build --build-base /home/ajr/ros2_ws/src/gyo_xj0_autonom_NB/build/gyo_xj0_autonom/build install --record /home/ajr/ros2_ws/src/gyo_xj0_autonom_NB/build/gyo_xj0_autonom/install.log --single-version-externally-managed install_data
[1.582s] DEBUG:colcon.colcon_core.event_handler.log_command:Invoked command in '/home/ajr/ros2_ws/src/gyo_xj0_autonom_NB' returned '0': PYTHONPATH=/home/ajr/ros2_ws/src/gyo_xj0_autonom_NB/build/gyo_xj0_autonom/prefix_override:/usr/lib/python3/dist-packages/colcon_core/task/python/colcon_distutils_commands:/home/ajr/ros2_ws/src/gyo_xj0_autonom_NB/install/gyo_xj0_autonom/lib/python3.10/site-packages:${PYTHONPATH} /usr/bin/python3 -W ignore:setup.py install is deprecated setup.py egg_info --egg-base build/gyo_xj0_autonom build --build-base /home/ajr/ros2_ws/src/gyo_xj0_autonom_NB/build/gyo_xj0_autonom/build install --record /home/ajr/ros2_ws/src/gyo_xj0_autonom_NB/build/gyo_xj0_autonom/install.log --single-version-externally-managed install_data
[1.584s] Level 1:colcon.colcon_core.environment:checking '/home/ajr/ros2_ws/src/gyo_xj0_autonom_NB/install/gyo_xj0_autonom' for CMake module files
[1.584s] Level 1:colcon.colcon_core.environment:checking '/home/ajr/ros2_ws/src/gyo_xj0_autonom_NB/install/gyo_xj0_autonom' for CMake config files
[1.585s] Level 1:colcon.colcon_core.environment:checking '/home/ajr/ros2_ws/src/gyo_xj0_autonom_NB/install/gyo_xj0_autonom/lib'
[1.585s] Level 1:colcon.colcon_core.environment:checking '/home/ajr/ros2_ws/src/gyo_xj0_autonom_NB/install/gyo_xj0_autonom/bin'
[1.585s] Level 1:colcon.colcon_core.environment:checking '/home/ajr/ros2_ws/src/gyo_xj0_autonom_NB/install/gyo_xj0_autonom/lib/pkgconfig/gyo_xj0_autonom.pc'
[1.586s] Level 1:colcon.colcon_core.environment:checking '/home/ajr/ros2_ws/src/gyo_xj0_autonom_NB/install/gyo_xj0_autonom/lib/python3.10/site-packages'
[1.586s] Level 1:colcon.colcon_core.shell:create_environment_hook('gyo_xj0_autonom', 'pythonpath')
[1.586s] INFO:colcon.colcon_core.shell:Creating environment hook '/home/ajr/ros2_ws/src/gyo_xj0_autonom_NB/install/gyo_xj0_autonom/share/gyo_xj0_autonom/hook/pythonpath.ps1'
[1.587s] INFO:colcon.colcon_core.shell:Creating environment descriptor '/home/ajr/ros2_ws/src/gyo_xj0_autonom_NB/install/gyo_xj0_autonom/share/gyo_xj0_autonom/hook/pythonpath.dsv'
[1.588s] INFO:colcon.colcon_core.shell:Creating environment hook '/home/ajr/ros2_ws/src/gyo_xj0_autonom_NB/install/gyo_xj0_autonom/share/gyo_xj0_autonom/hook/pythonpath.sh'
[1.589s] Level 1:colcon.colcon_core.environment:checking '/home/ajr/ros2_ws/src/gyo_xj0_autonom_NB/install/gyo_xj0_autonom/bin'
[1.589s] Level 1:colcon.colcon_core.environment:create_environment_scripts_only(gyo_xj0_autonom)
[1.590s] INFO:colcon.colcon_core.shell:Creating package script '/home/ajr/ros2_ws/src/gyo_xj0_autonom_NB/install/gyo_xj0_autonom/share/gyo_xj0_autonom/package.ps1'
[1.591s] INFO:colcon.colcon_core.shell:Creating package descriptor '/home/ajr/ros2_ws/src/gyo_xj0_autonom_NB/install/gyo_xj0_autonom/share/gyo_xj0_autonom/package.dsv'
[1.591s] INFO:colcon.colcon_core.shell:Creating package script '/home/ajr/ros2_ws/src/gyo_xj0_autonom_NB/install/gyo_xj0_autonom/share/gyo_xj0_autonom/package.sh'
[1.592s] INFO:colcon.colcon_core.shell:Creating package script '/home/ajr/ros2_ws/src/gyo_xj0_autonom_NB/install/gyo_xj0_autonom/share/gyo_xj0_autonom/package.bash'
[1.592s] INFO:colcon.colcon_core.shell:Creating package script '/home/ajr/ros2_ws/src/gyo_xj0_autonom_NB/install/gyo_xj0_autonom/share/gyo_xj0_autonom/package.zsh'
[1.593s] Level 1:colcon.colcon_core.environment:create_file_with_runtime_dependencies(/home/ajr/ros2_ws/src/gyo_xj0_autonom_NB/install/gyo_xj0_autonom/share/colcon-core/packages/gyo_xj0_autonom)
[1.596s] DEBUG:colcon.colcon_parallel_executor.executor.parallel:closing loop
[1.596s] DEBUG:colcon.colcon_parallel_executor.executor.parallel:loop closed
[1.596s] DEBUG:colcon.colcon_parallel_executor.executor.parallel:run_until_complete finished with '0'
[1.596s] DEBUG:colcon.colcon_core.event_reactor:joining thread
[1.625s] INFO:colcon.colcon_core.plugin_system:Skipping extension 'colcon_notification.desktop_notification.notify_send': Could not find 'notify-send'
[1.625s] INFO:colcon.colcon_core.plugin_system:Skipping extension 'colcon_notification.desktop_notification.terminal_notifier': Not used on non-Darwin systems
[1.625s] INFO:colcon.colcon_core.plugin_system:Skipping extension 'colcon_notification.desktop_notification.win32': Not used on non-Windows systems
[1.625s] INFO:colcon.colcon_notification.desktop_notification:Sending desktop notification using 'notify2'
[1.625s] DEBUG:colcon.colcon_notification.desktop_notification.notify2:Failed to initialize notify2: org.freedesktop.DBus.Error.FileNotFound: Failed to connect to socket /run/user/1000/bus: No such file or directory
[1.625s] DEBUG:colcon.colcon_core.event_reactor:joined thread
[1.626s] INFO:colcon.colcon_core.shell:Creating prefix script '/home/ajr/ros2_ws/src/gyo_xj0_autonom_NB/install/local_setup.ps1'
[1.626s] INFO:colcon.colcon_core.shell:Creating prefix util module '/home/ajr/ros2_ws/src/gyo_xj0_autonom_NB/install/_local_setup_util_ps1.py'
[1.628s] INFO:colcon.colcon_core.shell:Creating prefix chain script '/home/ajr/ros2_ws/src/gyo_xj0_autonom_NB/install/setup.ps1'
[1.629s] INFO:colcon.colcon_core.shell:Creating prefix script '/home/ajr/ros2_ws/src/gyo_xj0_autonom_NB/install/local_setup.sh'
[1.630s] INFO:colcon.colcon_core.shell:Creating prefix util module '/home/ajr/ros2_ws/src/gyo_xj0_autonom_NB/install/_local_setup_util_sh.py'
[1.631s] INFO:colcon.colcon_core.shell:Creating prefix chain script '/home/ajr/ros2_ws/src/gyo_xj0_autonom_NB/install/setup.sh'
[1.633s] INFO:colcon.colcon_core.shell:Creating prefix script '/home/ajr/ros2_ws/src/gyo_xj0_autonom_NB/install/local_setup.bash'
[1.633s] INFO:colcon.colcon_core.shell:Creating prefix chain script '/home/ajr/ros2_ws/src/gyo_xj0_autonom_NB/install/setup.bash'
[1.634s] INFO:colcon.colcon_core.shell:Creating prefix script '/home/ajr/ros2_ws/src/gyo_xj0_autonom_NB/install/local_setup.zsh'
[1.634s] INFO:colcon.colcon_core.shell:Creating prefix chain script '/home/ajr/ros2_ws/src/gyo_xj0_autonom_NB/install/setup.zsh'
