running egg_info
creating build/gyo_xj0_autonom/gyo_xj0_autonom_NB.egg-info
writing build/gyo_xj0_autonom/gyo_xj0_autonom_NB.egg-info/PKG-INFO
writing dependency_links to build/gyo_xj0_autonom/gyo_xj0_autonom_NB.egg-info/dependency_links.txt
writing entry points to build/gyo_xj0_autonom/gyo_xj0_autonom_NB.egg-info/entry_points.txt
writing requirements to build/gyo_xj0_autonom/gyo_xj0_autonom_NB.egg-info/requires.txt
writing top-level names to build/gyo_xj0_autonom/gyo_xj0_autonom_NB.egg-info/top_level.txt
writing manifest file 'build/gyo_xj0_autonom/gyo_xj0_autonom_NB.egg-info/SOURCES.txt'
reading manifest file 'build/gyo_xj0_autonom/gyo_xj0_autonom_NB.egg-info/SOURCES.txt'
writing manifest file 'build/gyo_xj0_autonom/gyo_xj0_autonom_NB.egg-info/SOURCES.txt'
running build
running build_py
creating /home/ajr/ros2_ws/src/gyo_xj0_autonom_NB/build/gyo_xj0_autonom/build
creating /home/ajr/ros2_ws/src/gyo_xj0_autonom_NB/build/gyo_xj0_autonom/build/lib
creating /home/ajr/ros2_ws/src/gyo_xj0_autonom_NB/build/gyo_xj0_autonom/build/lib/gyo_xj0_autonom_NB
copying gyo_xj0_autonom_NB/__init__.py -> /home/ajr/ros2_ws/src/gyo_xj0_autonom_NB/build/gyo_xj0_autonom/build/lib/gyo_xj0_autonom_NB
copying gyo_xj0_autonom_NB/triangle_robot.py -> /home/ajr/ros2_ws/src/gyo_xj0_autonom_NB/build/gyo_xj0_autonom/build/lib/gyo_xj0_autonom_NB
copying gyo_xj0_autonom_NB/test_lidar.py -> /home/ajr/ros2_ws/src/gyo_xj0_autonom_NB/build/gyo_xj0_autonom/build/lib/gyo_xj0_autonom_NB
copying gyo_xj0_autonom_NB/obstacles.py -> /home/ajr/ros2_ws/src/gyo_xj0_autonom_NB/build/gyo_xj0_autonom/build/lib/gyo_xj0_autonom_NB
copying gyo_xj0_autonom_NB/lidar.py -> /home/ajr/ros2_ws/src/gyo_xj0_autonom_NB/build/gyo_xj0_autonom/build/lib/gyo_xj0_autonom_NB
running install
running install_lib
creating /home/ajr/ros2_ws/src/gyo_xj0_autonom_NB/install/gyo_xj0_autonom/lib/python3.10/site-packages/gyo_xj0_autonom_NB
copying /home/ajr/ros2_ws/src/gyo_xj0_autonom_NB/build/gyo_xj0_autonom/build/lib/gyo_xj0_autonom_NB/__init__.py -> /home/ajr/ros2_ws/src/gyo_xj0_autonom_NB/install/gyo_xj0_autonom/lib/python3.10/site-packages/gyo_xj0_autonom_NB
copying /home/ajr/ros2_ws/src/gyo_xj0_autonom_NB/build/gyo_xj0_autonom/build/lib/gyo_xj0_autonom_NB/triangle_robot.py -> /home/ajr/ros2_ws/src/gyo_xj0_autonom_NB/install/gyo_xj0_autonom/lib/python3.10/site-packages/gyo_xj0_autonom_NB
copying /home/ajr/ros2_ws/src/gyo_xj0_autonom_NB/build/gyo_xj0_autonom/build/lib/gyo_xj0_autonom_NB/test_lidar.py -> /home/ajr/ros2_ws/src/gyo_xj0_autonom_NB/install/gyo_xj0_autonom/lib/python3.10/site-packages/gyo_xj0_autonom_NB
copying /home/ajr/ros2_ws/src/gyo_xj0_autonom_NB/build/gyo_xj0_autonom/build/lib/gyo_xj0_autonom_NB/obstacles.py -> /home/ajr/ros2_ws/src/gyo_xj0_autonom_NB/install/gyo_xj0_autonom/lib/python3.10/site-packages/gyo_xj0_autonom_NB
copying /home/ajr/ros2_ws/src/gyo_xj0_autonom_NB/build/gyo_xj0_autonom/build/lib/gyo_xj0_autonom_NB/lidar.py -> /home/ajr/ros2_ws/src/gyo_xj0_autonom_NB/install/gyo_xj0_autonom/lib/python3.10/site-packages/gyo_xj0_autonom_NB
byte-compiling /home/ajr/ros2_ws/src/gyo_xj0_autonom_NB/install/gyo_xj0_autonom/lib/python3.10/site-packages/gyo_xj0_autonom_NB/__init__.py to __init__.cpython-310.pyc
byte-compiling /home/ajr/ros2_ws/src/gyo_xj0_autonom_NB/install/gyo_xj0_autonom/lib/python3.10/site-packages/gyo_xj0_autonom_NB/triangle_robot.py to triangle_robot.cpython-310.pyc
byte-compiling /home/ajr/ros2_ws/src/gyo_xj0_autonom_NB/install/gyo_xj0_autonom/lib/python3.10/site-packages/gyo_xj0_autonom_NB/test_lidar.py to test_lidar.cpython-310.pyc
byte-compiling /home/ajr/ros2_ws/src/gyo_xj0_autonom_NB/install/gyo_xj0_autonom/lib/python3.10/site-packages/gyo_xj0_autonom_NB/obstacles.py to obstacles.cpython-310.pyc
byte-compiling /home/ajr/ros2_ws/src/gyo_xj0_autonom_NB/install/gyo_xj0_autonom/lib/python3.10/site-packages/gyo_xj0_autonom_NB/lidar.py to lidar.cpython-310.pyc
running install_data
copying resource/gyo_xj0_autonom_NB -> /home/ajr/ros2_ws/src/gyo_xj0_autonom_NB/install/gyo_xj0_autonom/share/ament_index/resource_index/packages
creating /home/ajr/ros2_ws/src/gyo_xj0_autonom_NB/install/gyo_xj0_autonom/share/gyo_xj0_autonom_NB
copying package.xml -> /home/ajr/ros2_ws/src/gyo_xj0_autonom_NB/install/gyo_xj0_autonom/share/gyo_xj0_autonom_NB
creating /home/ajr/ros2_ws/src/gyo_xj0_autonom_NB/install/gyo_xj0_autonom/share/gyo_xj0_autonom_NB/launch
copying launch/indito.py -> /home/ajr/ros2_ws/src/gyo_xj0_autonom_NB/install/gyo_xj0_autonom/share/gyo_xj0_autonom_NB/launch
running install_egg_info
Copying build/gyo_xj0_autonom/gyo_xj0_autonom_NB.egg-info to /home/ajr/ros2_ws/src/gyo_xj0_autonom_NB/install/gyo_xj0_autonom/lib/python3.10/site-packages/gyo_xj0_autonom_NB-0.1.0-py3.10.egg-info
running install_scripts
Installing lidar script to /home/ajr/ros2_ws/src/gyo_xj0_autonom_NB/install/gyo_xj0_autonom/lib/gyo_xj0_autonom_NB
Installing obstacles script to /home/ajr/ros2_ws/src/gyo_xj0_autonom_NB/install/gyo_xj0_autonom/lib/gyo_xj0_autonom_NB
Installing triangle_robot script to /home/ajr/ros2_ws/src/gyo_xj0_autonom_NB/install/gyo_xj0_autonom/lib/gyo_xj0_autonom_NB
writing list of installed files to '/home/ajr/ros2_ws/src/gyo_xj0_autonom_NB/build/gyo_xj0_autonom/install.log'
