[0.744s] Invoking command in '/home/ajr/ros2_ws/src/gyo_xj0_autonom_NB': PYTHONPATH=/home/ajr/ros2_ws/src/gyo_xj0_autonom_NB/build/gyo_xj0_autonom/prefix_override:/usr/lib/python3/dist-packages/colcon_core/task/python/colcon_distutils_commands:/home/ajr/ros2_ws/src/gyo_xj0_autonom_NB/install/gyo_xj0_autonom/lib/python3.10/site-packages:${PYTHONPATH} /usr/bin/python3 -W ignore:setup.py install is deprecated setup.py egg_info --egg-base build/gyo_xj0_autonom build --build-base /home/ajr/ros2_ws/src/gyo_xj0_autonom_NB/build/gyo_xj0_autonom/build install --record /home/ajr/ros2_ws/src/gyo_xj0_autonom_NB/build/gyo_xj0_autonom/install.log --single-version-externally-managed install_data
[1.016s] running egg_info
[1.016s] creating build/gyo_xj0_autonom/gyo_xj0_autonom_NB.egg-info
[1.017s] writing build/gyo_xj0_autonom/gyo_xj0_autonom_NB.egg-info/PKG-INFO
[1.017s] writing dependency_links to build/gyo_xj0_autonom/gyo_xj0_autonom_NB.egg-info/dependency_links.txt
[1.018s] writing entry points to build/gyo_xj0_autonom/gyo_xj0_autonom_NB.egg-info/entry_points.txt
[1.018s] writing requirements to build/gyo_xj0_autonom/gyo_xj0_autonom_NB.egg-info/requires.txt
[1.018s] writing top-level names to build/gyo_xj0_autonom/gyo_xj0_autonom_NB.egg-info/top_level.txt
[1.018s] writing manifest file 'build/gyo_xj0_autonom/gyo_xj0_autonom_NB.egg-info/SOURCES.txt'
[1.021s] reading manifest file 'build/gyo_xj0_autonom/gyo_xj0_autonom_NB.egg-info/SOURCES.txt'
[1.023s] writing manifest file 'build/gyo_xj0_autonom/gyo_xj0_autonom_NB.egg-info/SOURCES.txt'
[1.023s] running build
[1.023s] running build_py
[1.024s] creating /home/ajr/ros2_ws/src/gyo_xj0_autonom_NB/build/gyo_xj0_autonom/build
[1.024s] creating /home/ajr/ros2_ws/src/gyo_xj0_autonom_NB/build/gyo_xj0_autonom/build/lib
[1.024s] creating /home/ajr/ros2_ws/src/gyo_xj0_autonom_NB/build/gyo_xj0_autonom/build/lib/gyo_xj0_autonom_NB
[1.025s] copying gyo_xj0_autonom_NB/__init__.py -> /home/ajr/ros2_ws/src/gyo_xj0_autonom_NB/build/gyo_xj0_autonom/build/lib/gyo_xj0_autonom_NB
[1.025s] copying gyo_xj0_autonom_NB/triangle_robot.py -> /home/ajr/ros2_ws/src/gyo_xj0_autonom_NB/build/gyo_xj0_autonom/build/lib/gyo_xj0_autonom_NB
[1.026s] copying gyo_xj0_autonom_NB/test_lidar.py -> /home/ajr/ros2_ws/src/gyo_xj0_autonom_NB/build/gyo_xj0_autonom/build/lib/gyo_xj0_autonom_NB
[1.026s] copying gyo_xj0_autonom_NB/obstacles.py -> /home/ajr/ros2_ws/src/gyo_xj0_autonom_NB/build/gyo_xj0_autonom/build/lib/gyo_xj0_autonom_NB
[1.026s] copying gyo_xj0_autonom_NB/lidar.py -> /home/ajr/ros2_ws/src/gyo_xj0_autonom_NB/build/gyo_xj0_autonom/build/lib/gyo_xj0_autonom_NB
[1.026s] running install
[1.027s] running install_lib
[1.028s] creating /home/ajr/ros2_ws/src/gyo_xj0_autonom_NB/install/gyo_xj0_autonom/lib/python3.10/site-packages/gyo_xj0_autonom_NB
[1.028s] copying /home/ajr/ros2_ws/src/gyo_xj0_autonom_NB/build/gyo_xj0_autonom/build/lib/gyo_xj0_autonom_NB/__init__.py -> /home/ajr/ros2_ws/src/gyo_xj0_autonom_NB/install/gyo_xj0_autonom/lib/python3.10/site-packages/gyo_xj0_autonom_NB
[1.029s] copying /home/ajr/ros2_ws/src/gyo_xj0_autonom_NB/build/gyo_xj0_autonom/build/lib/gyo_xj0_autonom_NB/triangle_robot.py -> /home/ajr/ros2_ws/src/gyo_xj0_autonom_NB/install/gyo_xj0_autonom/lib/python3.10/site-packages/gyo_xj0_autonom_NB
[1.029s] copying /home/ajr/ros2_ws/src/gyo_xj0_autonom_NB/build/gyo_xj0_autonom/build/lib/gyo_xj0_autonom_NB/test_lidar.py -> /home/ajr/ros2_ws/src/gyo_xj0_autonom_NB/install/gyo_xj0_autonom/lib/python3.10/site-packages/gyo_xj0_autonom_NB
[1.029s] copying /home/ajr/ros2_ws/src/gyo_xj0_autonom_NB/build/gyo_xj0_autonom/build/lib/gyo_xj0_autonom_NB/obstacles.py -> /home/ajr/ros2_ws/src/gyo_xj0_autonom_NB/install/gyo_xj0_autonom/lib/python3.10/site-packages/gyo_xj0_autonom_NB
[1.029s] copying /home/ajr/ros2_ws/src/gyo_xj0_autonom_NB/build/gyo_xj0_autonom/build/lib/gyo_xj0_autonom_NB/lidar.py -> /home/ajr/ros2_ws/src/gyo_xj0_autonom_NB/install/gyo_xj0_autonom/lib/python3.10/site-packages/gyo_xj0_autonom_NB
[1.030s] byte-compiling /home/ajr/ros2_ws/src/gyo_xj0_autonom_NB/install/gyo_xj0_autonom/lib/python3.10/site-packages/gyo_xj0_autonom_NB/__init__.py to __init__.cpython-310.pyc
[1.030s] byte-compiling /home/ajr/ros2_ws/src/gyo_xj0_autonom_NB/install/gyo_xj0_autonom/lib/python3.10/site-packages/gyo_xj0_autonom_NB/triangle_robot.py to triangle_robot.cpython-310.pyc
[1.031s] byte-compiling /home/ajr/ros2_ws/src/gyo_xj0_autonom_NB/install/gyo_xj0_autonom/lib/python3.10/site-packages/gyo_xj0_autonom_NB/test_lidar.py to test_lidar.cpython-310.pyc
[1.031s] byte-compiling /home/ajr/ros2_ws/src/gyo_xj0_autonom_NB/install/gyo_xj0_autonom/lib/python3.10/site-packages/gyo_xj0_autonom_NB/obstacles.py to obstacles.cpython-310.pyc
[1.032s] byte-compiling /home/ajr/ros2_ws/src/gyo_xj0_autonom_NB/install/gyo_xj0_autonom/lib/python3.10/site-packages/gyo_xj0_autonom_NB/lidar.py to lidar.cpython-310.pyc
[1.032s] running install_data
[1.032s] copying resource/gyo_xj0_autonom_NB -> /home/ajr/ros2_ws/src/gyo_xj0_autonom_NB/install/gyo_xj0_autonom/share/ament_index/resource_index/packages
[1.032s] creating /home/ajr/ros2_ws/src/gyo_xj0_autonom_NB/install/gyo_xj0_autonom/share/gyo_xj0_autonom_NB
[1.033s] copying package.xml -> /home/ajr/ros2_ws/src/gyo_xj0_autonom_NB/install/gyo_xj0_autonom/share/gyo_xj0_autonom_NB
[1.033s] creating /home/ajr/ros2_ws/src/gyo_xj0_autonom_NB/install/gyo_xj0_autonom/share/gyo_xj0_autonom_NB/launch
[1.033s] copying launch/indito.py -> /home/ajr/ros2_ws/src/gyo_xj0_autonom_NB/install/gyo_xj0_autonom/share/gyo_xj0_autonom_NB/launch
[1.034s] running install_egg_info
[1.036s] Copying build/gyo_xj0_autonom/gyo_xj0_autonom_NB.egg-info to /home/ajr/ros2_ws/src/gyo_xj0_autonom_NB/install/gyo_xj0_autonom/lib/python3.10/site-packages/gyo_xj0_autonom_NB-0.1.0-py3.10.egg-info
[1.037s] running install_scripts
[1.060s] Installing lidar script to /home/ajr/ros2_ws/src/gyo_xj0_autonom_NB/install/gyo_xj0_autonom/lib/gyo_xj0_autonom_NB
[1.060s] Installing obstacles script to /home/ajr/ros2_ws/src/gyo_xj0_autonom_NB/install/gyo_xj0_autonom/lib/gyo_xj0_autonom_NB
[1.061s] Installing triangle_robot script to /home/ajr/ros2_ws/src/gyo_xj0_autonom_NB/install/gyo_xj0_autonom/lib/gyo_xj0_autonom_NB
[1.061s] writing list of installed files to '/home/ajr/ros2_ws/src/gyo_xj0_autonom_NB/build/gyo_xj0_autonom/install.log'
[1.088s] Invoked command in '/home/ajr/ros2_ws/src/gyo_xj0_autonom_NB' returned '0': PYTHONPATH=/home/ajr/ros2_ws/src/gyo_xj0_autonom_NB/build/gyo_xj0_autonom/prefix_override:/usr/lib/python3/dist-packages/colcon_core/task/python/colcon_distutils_commands:/home/ajr/ros2_ws/src/gyo_xj0_autonom_NB/install/gyo_xj0_autonom/lib/python3.10/site-packages:${PYTHONPATH} /usr/bin/python3 -W ignore:setup.py install is deprecated setup.py egg_info --egg-base build/gyo_xj0_autonom build --build-base /home/ajr/ros2_ws/src/gyo_xj0_autonom_NB/build/gyo_xj0_autonom/build install --record /home/ajr/ros2_ws/src/gyo_xj0_autonom_NB/build/gyo_xj0_autonom/install.log --single-version-externally-managed install_data
