/home/ajr/ros2_ws/src/gyo_xj0_autonom_NB/install/gyo_xj0_autonom/lib/python3.10/site-packages/gyo_xj0_autonom_NB/__init__.py
/home/ajr/ros2_ws/src/gyo_xj0_autonom_NB/install/gyo_xj0_autonom/lib/python3.10/site-packages/gyo_xj0_autonom_NB/triangle_robot.py
/home/ajr/ros2_ws/src/gyo_xj0_autonom_NB/install/gyo_xj0_autonom/lib/python3.10/site-packages/gyo_xj0_autonom_NB/test_lidar.py
/home/ajr/ros2_ws/src/gyo_xj0_autonom_NB/install/gyo_xj0_autonom/lib/python3.10/site-packages/gyo_xj0_autonom_NB/obstacles.py
/home/ajr/ros2_ws/src/gyo_xj0_autonom_NB/install/gyo_xj0_autonom/lib/python3.10/site-packages/gyo_xj0_autonom_NB/lidar.py
/home/ajr/ros2_ws/src/gyo_xj0_autonom_NB/install/gyo_xj0_autonom/lib/python3.10/site-packages/gyo_xj0_autonom_NB/__pycache__/__init__.cpython-310.pyc
/home/ajr/ros2_ws/src/gyo_xj0_autonom_NB/install/gyo_xj0_autonom/lib/python3.10/site-packages/gyo_xj0_autonom_NB/__pycache__/triangle_robot.cpython-310.pyc
/home/ajr/ros2_ws/src/gyo_xj0_autonom_NB/install/gyo_xj0_autonom/lib/python3.10/site-packages/gyo_xj0_autonom_NB/__pycache__/test_lidar.cpython-310.pyc
/home/ajr/ros2_ws/src/gyo_xj0_autonom_NB/install/gyo_xj0_autonom/lib/python3.10/site-packages/gyo_xj0_autonom_NB/__pycache__/obstacles.cpython-310.pyc
/home/ajr/ros2_ws/src/gyo_xj0_autonom_NB/install/gyo_xj0_autonom/lib/python3.10/site-packages/gyo_xj0_autonom_NB/__pycache__/lidar.cpython-310.pyc
/home/ajr/ros2_ws/src/gyo_xj0_autonom_NB/install/gyo_xj0_autonom/share/ament_index/resource_index/packages/gyo_xj0_autonom_NB
/home/ajr/ros2_ws/src/gyo_xj0_autonom_NB/install/gyo_xj0_autonom/share/gyo_xj0_autonom_NB/package.xml
/home/ajr/ros2_ws/src/gyo_xj0_autonom_NB/install/gyo_xj0_autonom/share/gyo_xj0_autonom_NB/launch/indito.py
/home/ajr/ros2_ws/src/gyo_xj0_autonom_NB/install/gyo_xj0_autonom/lib/python3.10/site-packages/gyo_xj0_autonom_NB-0.1.0-py3.10.egg-info/entry_points.txt
/home/ajr/ros2_ws/src/gyo_xj0_autonom_NB/install/gyo_xj0_autonom/lib/python3.10/site-packages/gyo_xj0_autonom_NB-0.1.0-py3.10.egg-info/PKG-INFO
/home/ajr/ros2_ws/src/gyo_xj0_autonom_NB/install/gyo_xj0_autonom/lib/python3.10/site-packages/gyo_xj0_autonom_NB-0.1.0-py3.10.egg-info/top_level.txt
/home/ajr/ros2_ws/src/gyo_xj0_autonom_NB/install/gyo_xj0_autonom/lib/python3.10/site-packages/gyo_xj0_autonom_NB-0.1.0-py3.10.egg-info/SOURCES.txt
/home/ajr/ros2_ws/src/gyo_xj0_autonom_NB/install/gyo_xj0_autonom/lib/python3.10/site-packages/gyo_xj0_autonom_NB-0.1.0-py3.10.egg-info/dependency_links.txt
/home/ajr/ros2_ws/src/gyo_xj0_autonom_NB/install/gyo_xj0_autonom/lib/python3.10/site-packages/gyo_xj0_autonom_NB-0.1.0-py3.10.egg-info/requires.txt
/home/ajr/ros2_ws/src/gyo_xj0_autonom_NB/install/gyo_xj0_autonom/lib/python3.10/site-packages/gyo_xj0_autonom_NB-0.1.0-py3.10.egg-info/zip-safe
/home/ajr/ros2_ws/src/gyo_xj0_autonom_NB/install/gyo_xj0_autonom/lib/gyo_xj0_autonom_NB/lidar
/home/ajr/ros2_ws/src/gyo_xj0_autonom_NB/install/gyo_xj0_autonom/lib/gyo_xj0_autonom_NB/obstacles
/home/ajr/ros2_ws/src/gyo_xj0_autonom_NB/install/gyo_xj0_autonom/lib/gyo_xj0_autonom_NB/triangle_robot
